<?xml version="1.0" encoding="UTF-8" ?>
<testsuites>
  <testsuite errors="0" failures="0" hostname="Mestre-Linux" id="0" name="PentahoAdminConsoleTest" package="org.pentaho.pac.client" tests="1" time="0.068" timestamp="2012-11-01T13:00:34">
      <properties>
[...]
</properties>

      <testcase classname="org.pentaho.pac.client.PentahoAdminConsoleTest" name="testDummy" time="0.0010" />

      <system-out><![CDATA[]]></system-out>

      <system-err><![CDATA[]]></system-err>

  </testsuite>
  <testsuite errors="0" failures="0" hostname="Mestre-Linux" id="1" name="AppConfigPropertiesTest" package="org.pentaho.pac.server.common" tests="2" time="0.218" timestamp="2012-11-01T13:00:35">
      <properties>
[...]
</properties>

      <testcase classname="org.pentaho.pac.server.common.AppConfigPropertiesTest" name="testGetInstance" time="0.076" />

      <testcase classname="org.pentaho.pac.server.common.AppConfigPropertiesTest" name="testGetX" time="0.09" />

      <system-out><![CDATA[WARN   getConsoleConfig, AppConfigProperties.ERROR_0004 - Unable to read file: console.xml
]]></system-out>

      <system-err><![CDATA[]]></system-err>

  </testsuite>
</testsuites>
